#! /usr/bin/vvp
:ivl_version "10.1 (stable)";
:ivl_delay_selection "TYPICAL";
:vpi_time_precision - 12;
:vpi_module "system";
:vpi_module "vhdl_sys";
:vpi_module "v2005_math";
:vpi_module "va_math";
S_0x5631cdbc2510 .scope module, "mealy_pattern_detector_tb" "mealy_pattern_detector_tb" 2 5;
 .timescale -9 -12;
v0x5631cdbe2cd0_0 .var "clk", 0 0;
v0x5631cdbe2d70_0 .net "op", 0 0, v0x5631cdbe29c0_0;  1 drivers
v0x5631cdbe2e40_0 .var "x", 0 0;
S_0x5631cdbc2690 .scope module, "UUT" "mealy_pattern_detector" 2 11, 3 3 0, S_0x5631cdbc2510;
 .timescale -9 -12;
    .port_info 0 /INPUT 1 "clk"
    .port_info 1 /INPUT 1 "x"
    .port_info 2 /OUTPUT 1 "op"
v0x5631cdbc2860_0 .net "clk", 0 0, v0x5631cdbe2cd0_0;  1 drivers
v0x5631cdbe28e0_0 .var/i "nextstate", 31 0;
v0x5631cdbe29c0_0 .var "op", 0 0;
v0x5631cdbe2a60_0 .var/i "state", 31 0;
v0x5631cdbe2b40_0 .net "x", 0 0, v0x5631cdbe2e40_0;  1 drivers
E_0x5631cdb82920 .event edge, v0x5631cdbe2b40_0, v0x5631cdbe2a60_0;
E_0x5631cdbb7c80 .event posedge, v0x5631cdbc2860_0;
    .scope S_0x5631cdbc2690;
T_0 ;
    %pushi/vec4 0, 0, 32;
    %store/vec4 v0x5631cdbe2a60_0, 0, 32;
    %end;
    .thread T_0;
    .scope S_0x5631cdbc2690;
T_1 ;
    %wait E_0x5631cdbb7c80;
    %load/vec4 v0x5631cdbe28e0_0;
    %assign/vec4 v0x5631cdbe2a60_0, 0;
    %jmp T_1;
    .thread T_1;
    .scope S_0x5631cdbc2690;
T_2 ;
    %wait E_0x5631cdb82920;
    %pushi/vec4 0, 0, 1;
    %assign/vec4 v0x5631cdbe29c0_0, 0;
    %load/vec4 v0x5631cdbe2a60_0;
    %dup/vec4;
    %pushi/vec4 0, 0, 32;
    %cmp/u;
    %jmp/1 T_2.0, 6;
    %dup/vec4;
    %pushi/vec4 1, 0, 32;
    %cmp/u;
    %jmp/1 T_2.1, 6;
    %dup/vec4;
    %pushi/vec4 2, 0, 32;
    %cmp/u;
    %jmp/1 T_2.2, 6;
    %dup/vec4;
    %pushi/vec4 3, 0, 32;
    %cmp/u;
    %jmp/1 T_2.3, 6;
    %jmp T_2.4;
T_2.0 ;
    %load/vec4 v0x5631cdbe2b40_0;
    %flag_set/vec4 8;
    %jmp/0xz  T_2.5, 8;
    %pushi/vec4 1, 0, 32;
    %store/vec4 v0x5631cdbe28e0_0, 0, 32;
    %jmp T_2.6;
T_2.5 ;
    %pushi/vec4 0, 0, 32;
    %store/vec4 v0x5631cdbe28e0_0, 0, 32;
T_2.6 ;
    %jmp T_2.4;
T_2.1 ;
    %load/vec4 v0x5631cdbe2b40_0;
    %flag_set/vec4 8;
    %jmp/0xz  T_2.7, 8;
    %pushi/vec4 1, 0, 32;
    %store/vec4 v0x5631cdbe28e0_0, 0, 32;
    %jmp T_2.8;
T_2.7 ;
    %pushi/vec4 2, 0, 32;
    %store/vec4 v0x5631cdbe28e0_0, 0, 32;
T_2.8 ;
    %jmp T_2.4;
T_2.2 ;
    %load/vec4 v0x5631cdbe2b40_0;
    %flag_set/vec4 8;
    %jmp/0xz  T_2.9, 8;
    %pushi/vec4 3, 0, 32;
    %store/vec4 v0x5631cdbe28e0_0, 0, 32;
    %jmp T_2.10;
T_2.9 ;
    %pushi/vec4 0, 0, 32;
    %store/vec4 v0x5631cdbe28e0_0, 0, 32;
T_2.10 ;
    %jmp T_2.4;
T_2.3 ;
    %load/vec4 v0x5631cdbe2b40_0;
    %flag_set/vec4 8;
    %jmp/0xz  T_2.11, 8;
    %pushi/vec4 1, 0, 1;
    %assign/vec4 v0x5631cdbe29c0_0, 0;
    %pushi/vec4 1, 0, 32;
    %store/vec4 v0x5631cdbe28e0_0, 0, 32;
    %jmp T_2.12;
T_2.11 ;
    %pushi/vec4 2, 0, 32;
    %store/vec4 v0x5631cdbe28e0_0, 0, 32;
T_2.12 ;
    %jmp T_2.4;
T_2.4 ;
    %pop/vec4 1;
    %jmp T_2;
    .thread T_2, $push;
    .scope S_0x5631cdbc2510;
T_3 ;
    %vpi_call 2 14 "$monitor", "time = %3d, x = %d, result = %d\012", $time, v0x5631cdbe2e40_0, v0x5631cdbe2d70_0 {0 0 0};
T_3.0 ;
    %delay 5000, 0;
    %load/vec4 v0x5631cdbe2cd0_0;
    %inv;
    %store/vec4 v0x5631cdbe2cd0_0, 0, 1;
    %jmp T_3.0;
    %end;
    .thread T_3;
    .scope S_0x5631cdbc2510;
T_4 ;
    %pushi/vec4 0, 0, 1;
    %store/vec4 v0x5631cdbe2cd0_0, 0, 1;
    %pushi/vec4 0, 0, 1;
    %store/vec4 v0x5631cdbe2e40_0, 0, 1;
    %delay 10000, 0;
    %pushi/vec4 1, 0, 1;
    %store/vec4 v0x5631cdbe2e40_0, 0, 1;
    %delay 10000, 0;
    %pushi/vec4 0, 0, 1;
    %store/vec4 v0x5631cdbe2e40_0, 0, 1;
    %delay 10000, 0;
    %pushi/vec4 1, 0, 1;
    %store/vec4 v0x5631cdbe2e40_0, 0, 1;
    %delay 10000, 0;
    %pushi/vec4 1, 0, 1;
    %store/vec4 v0x5631cdbe2e40_0, 0, 1;
    %delay 10000, 0;
    %pushi/vec4 0, 0, 1;
    %store/vec4 v0x5631cdbe2e40_0, 0, 1;
    %delay 10000, 0;
    %pushi/vec4 1, 0, 1;
    %store/vec4 v0x5631cdbe2e40_0, 0, 1;
    %delay 10000, 0;
    %pushi/vec4 1, 0, 1;
    %store/vec4 v0x5631cdbe2e40_0, 0, 1;
    %delay 10000, 0;
    %pushi/vec4 0, 0, 1;
    %store/vec4 v0x5631cdbe2e40_0, 0, 1;
    %vpi_call 2 38 "$finish" {0 0 0};
    %end;
    .thread T_4;
# The file index is used to find the file name in the following table.
:file_names 4;
    "N/A";
    "<interactive>";
    "mealy_pattern_detector_tb.v";
    "././mealy_pattern_detector.v";
