#! /usr/bin/vvp
:ivl_version "10.1 (stable)";
:ivl_delay_selection "TYPICAL";
:vpi_time_precision - 12;
:vpi_module "system";
:vpi_module "vhdl_sys";
:vpi_module "v2005_math";
:vpi_module "va_math";
S_0x56002429d1d0 .scope module, "mealy_pattern_detector" "mealy_pattern_detector" 2 3;
 .timescale -9 -12;
    .port_info 0 /INPUT 1 "clk"
    .port_info 1 /INPUT 1 "x"
    .port_info 2 /OUTPUT 1 "op"
o0x7fde7a24b018 .functor BUFZ 1, C4<z>; HiZ drive
v0x56002429d3e0_0 .net "clk", 0 0, o0x7fde7a24b018;  0 drivers
v0x5600242bd4a0_0 .var "nextstate", 0 0;
v0x5600242bd560_0 .var "op", 0 0;
v0x5600242bd600_0 .var "state", 0 0;
o0x7fde7a24b0d8 .functor BUFZ 1, C4<z>; HiZ drive
v0x5600242bd6c0_0 .net "x", 0 0, o0x7fde7a24b0d8;  0 drivers
E_0x560024298ac0 .event edge, v0x5600242bd6c0_0, v0x5600242bd600_0;
E_0x560024263d80 .event posedge, v0x56002429d3e0_0;
    .scope S_0x56002429d1d0;
T_0 ;
    %pushi/vec4 0, 0, 1;
    %store/vec4 v0x5600242bd600_0, 0, 1;
    %end;
    .thread T_0;
    .scope S_0x56002429d1d0;
T_1 ;
    %wait E_0x560024263d80;
    %load/vec4 v0x5600242bd4a0_0;
    %assign/vec4 v0x5600242bd600_0, 0;
    %jmp T_1;
    .thread T_1;
    .scope S_0x56002429d1d0;
T_2 ;
    %wait E_0x560024298ac0;
    %pushi/vec4 0, 0, 1;
    %assign/vec4 v0x5600242bd560_0, 0;
    %load/vec4 v0x5600242bd600_0;
    %pad/u 2;
    %dup/vec4;
    %pushi/vec4 0, 0, 2;
    %cmp/u;
    %jmp/1 T_2.0, 6;
    %dup/vec4;
    %pushi/vec4 1, 0, 2;
    %cmp/u;
    %jmp/1 T_2.1, 6;
    %dup/vec4;
    %pushi/vec4 2, 0, 2;
    %cmp/u;
    %jmp/1 T_2.2, 6;
    %dup/vec4;
    %pushi/vec4 3, 0, 2;
    %cmp/u;
    %jmp/1 T_2.3, 6;
    %jmp T_2.4;
T_2.0 ;
    %load/vec4 v0x5600242bd6c0_0;
    %flag_set/vec4 8;
    %jmp/0xz  T_2.5, 8;
    %pushi/vec4 1, 0, 1;
    %store/vec4 v0x5600242bd4a0_0, 0, 1;
    %jmp T_2.6;
T_2.5 ;
    %pushi/vec4 0, 0, 1;
    %store/vec4 v0x5600242bd4a0_0, 0, 1;
T_2.6 ;
    %jmp T_2.4;
T_2.1 ;
    %load/vec4 v0x5600242bd6c0_0;
    %flag_set/vec4 8;
    %jmp/0xz  T_2.7, 8;
    %pushi/vec4 1, 0, 1;
    %store/vec4 v0x5600242bd4a0_0, 0, 1;
    %jmp T_2.8;
T_2.7 ;
    %pushi/vec4 0, 0, 1;
    %store/vec4 v0x5600242bd4a0_0, 0, 1;
T_2.8 ;
    %jmp T_2.4;
T_2.2 ;
    %load/vec4 v0x5600242bd6c0_0;
    %flag_set/vec4 8;
    %jmp/0xz  T_2.9, 8;
    %pushi/vec4 1, 0, 1;
    %store/vec4 v0x5600242bd4a0_0, 0, 1;
    %jmp T_2.10;
T_2.9 ;
    %pushi/vec4 0, 0, 1;
    %store/vec4 v0x5600242bd4a0_0, 0, 1;
T_2.10 ;
    %jmp T_2.4;
T_2.3 ;
    %load/vec4 v0x5600242bd6c0_0;
    %flag_set/vec4 8;
    %jmp/0xz  T_2.11, 8;
    %pushi/vec4 1, 0, 1;
    %assign/vec4 v0x5600242bd560_0, 0;
    %pushi/vec4 1, 0, 1;
    %store/vec4 v0x5600242bd4a0_0, 0, 1;
    %jmp T_2.12;
T_2.11 ;
    %pushi/vec4 0, 0, 1;
    %store/vec4 v0x5600242bd4a0_0, 0, 1;
T_2.12 ;
    %jmp T_2.4;
T_2.4 ;
    %pop/vec4 1;
    %vpi_call 2 33 "$display", v0x5600242bd600_0 {0 0 0};
    %jmp T_2;
    .thread T_2, $push;
# The file index is used to find the file name in the following table.
:file_names 3;
    "N/A";
    "<interactive>";
    "mealy_pattern_detector.v";
