#! /usr/bin/vvp
:ivl_version "10.1 (stable)";
:ivl_delay_selection "TYPICAL";
:vpi_time_precision - 12;
:vpi_module "system";
:vpi_module "vhdl_sys";
:vpi_module "v2005_math";
:vpi_module "va_math";
S_0x55ccdda34680 .scope module, "moore_pattern_detector_tb" "moore_pattern_detector_tb" 2 5;
 .timescale -9 -12;
v0x55ccdda54e50_0 .var "clk", 0 0;
v0x55ccdda54ef0_0 .net "op", 0 0, v0x55ccdda54b40_0;  1 drivers
v0x55ccdda54fc0_0 .var "x", 0 0;
S_0x55ccdda34800 .scope module, "UUT" "moore_pattern_detector" 2 11, 3 3 0, S_0x55ccdda34680;
 .timescale -9 -12;
    .port_info 0 /INPUT 1 "clk"
    .port_info 1 /INPUT 1 "x"
    .port_info 2 /OUTPUT 1 "op"
v0x55ccdda349e0_0 .net "clk", 0 0, v0x55ccdda54e50_0;  1 drivers
v0x55ccdda54a60_0 .var/i "nextstate", 31 0;
v0x55ccdda54b40_0 .var "op", 0 0;
v0x55ccdda54be0_0 .var/i "state", 31 0;
v0x55ccdda54cc0_0 .net "x", 0 0, v0x55ccdda54fc0_0;  1 drivers
E_0x55ccdd9f3920 .event edge, v0x55ccdda54be0_0;
E_0x55ccdda28c80 .event edge, v0x55ccdda54cc0_0, v0x55ccdda54be0_0;
E_0x55ccdda289b0 .event posedge, v0x55ccdda349e0_0;
    .scope S_0x55ccdda34800;
T_0 ;
    %pushi/vec4 0, 0, 32;
    %store/vec4 v0x55ccdda54be0_0, 0, 32;
    %end;
    .thread T_0;
    .scope S_0x55ccdda34800;
T_1 ;
    %wait E_0x55ccdda289b0;
    %load/vec4 v0x55ccdda54a60_0;
    %assign/vec4 v0x55ccdda54be0_0, 0;
    %jmp T_1;
    .thread T_1;
    .scope S_0x55ccdda34800;
T_2 ;
    %wait E_0x55ccdda28c80;
    %pushi/vec4 0, 0, 1;
    %assign/vec4 v0x55ccdda54b40_0, 0;
    %load/vec4 v0x55ccdda54be0_0;
    %dup/vec4;
    %pushi/vec4 0, 0, 32;
    %cmp/u;
    %jmp/1 T_2.0, 6;
    %dup/vec4;
    %pushi/vec4 1, 0, 32;
    %cmp/u;
    %jmp/1 T_2.1, 6;
    %dup/vec4;
    %pushi/vec4 2, 0, 32;
    %cmp/u;
    %jmp/1 T_2.2, 6;
    %dup/vec4;
    %pushi/vec4 3, 0, 32;
    %cmp/u;
    %jmp/1 T_2.3, 6;
    %dup/vec4;
    %pushi/vec4 4, 0, 32;
    %cmp/u;
    %jmp/1 T_2.4, 6;
    %jmp T_2.5;
T_2.0 ;
    %load/vec4 v0x55ccdda54cc0_0;
    %flag_set/vec4 8;
    %jmp/0xz  T_2.6, 8;
    %pushi/vec4 1, 0, 32;
    %store/vec4 v0x55ccdda54a60_0, 0, 32;
    %jmp T_2.7;
T_2.6 ;
    %pushi/vec4 0, 0, 32;
    %store/vec4 v0x55ccdda54a60_0, 0, 32;
T_2.7 ;
    %jmp T_2.5;
T_2.1 ;
    %load/vec4 v0x55ccdda54cc0_0;
    %flag_set/vec4 8;
    %jmp/0xz  T_2.8, 8;
    %pushi/vec4 1, 0, 32;
    %store/vec4 v0x55ccdda54a60_0, 0, 32;
    %jmp T_2.9;
T_2.8 ;
    %pushi/vec4 2, 0, 32;
    %store/vec4 v0x55ccdda54a60_0, 0, 32;
T_2.9 ;
    %jmp T_2.5;
T_2.2 ;
    %load/vec4 v0x55ccdda54cc0_0;
    %flag_set/vec4 8;
    %jmp/0xz  T_2.10, 8;
    %pushi/vec4 3, 0, 32;
    %store/vec4 v0x55ccdda54a60_0, 0, 32;
    %jmp T_2.11;
T_2.10 ;
    %pushi/vec4 0, 0, 32;
    %store/vec4 v0x55ccdda54a60_0, 0, 32;
T_2.11 ;
    %jmp T_2.5;
T_2.3 ;
    %load/vec4 v0x55ccdda54cc0_0;
    %flag_set/vec4 8;
    %jmp/0xz  T_2.12, 8;
    %pushi/vec4 4, 0, 32;
    %store/vec4 v0x55ccdda54a60_0, 0, 32;
    %jmp T_2.13;
T_2.12 ;
    %pushi/vec4 2, 0, 32;
    %store/vec4 v0x55ccdda54a60_0, 0, 32;
T_2.13 ;
    %jmp T_2.5;
T_2.4 ;
    %load/vec4 v0x55ccdda54cc0_0;
    %flag_set/vec4 8;
    %jmp/0xz  T_2.14, 8;
    %pushi/vec4 1, 0, 32;
    %store/vec4 v0x55ccdda54a60_0, 0, 32;
    %jmp T_2.15;
T_2.14 ;
    %pushi/vec4 2, 0, 32;
    %store/vec4 v0x55ccdda54a60_0, 0, 32;
T_2.15 ;
    %jmp T_2.5;
T_2.5 ;
    %pop/vec4 1;
    %jmp T_2;
    .thread T_2, $push;
    .scope S_0x55ccdda34800;
T_3 ;
    %wait E_0x55ccdd9f3920;
    %load/vec4 v0x55ccdda54be0_0;
    %cmpi/e 4, 0, 32;
    %jmp/0xz  T_3.0, 4;
    %pushi/vec4 1, 0, 1;
    %assign/vec4 v0x55ccdda54b40_0, 0;
    %jmp T_3.1;
T_3.0 ;
    %pushi/vec4 0, 0, 1;
    %assign/vec4 v0x55ccdda54b40_0, 0;
T_3.1 ;
    %jmp T_3;
    .thread T_3, $push;
    .scope S_0x55ccdda34680;
T_4 ;
    %vpi_call 2 14 "$monitor", "time = %3d, x = %d, result = %d\012", $time, v0x55ccdda54fc0_0, v0x55ccdda54ef0_0 {0 0 0};
T_4.0 ;
    %delay 5000, 0;
    %load/vec4 v0x55ccdda54e50_0;
    %inv;
    %store/vec4 v0x55ccdda54e50_0, 0, 1;
    %jmp T_4.0;
    %end;
    .thread T_4;
    .scope S_0x55ccdda34680;
T_5 ;
    %pushi/vec4 0, 0, 1;
    %store/vec4 v0x55ccdda54e50_0, 0, 1;
    %pushi/vec4 0, 0, 1;
    %store/vec4 v0x55ccdda54fc0_0, 0, 1;
    %delay 10000, 0;
    %pushi/vec4 1, 0, 1;
    %store/vec4 v0x55ccdda54fc0_0, 0, 1;
    %delay 10000, 0;
    %pushi/vec4 0, 0, 1;
    %store/vec4 v0x55ccdda54fc0_0, 0, 1;
    %delay 10000, 0;
    %pushi/vec4 1, 0, 1;
    %store/vec4 v0x55ccdda54fc0_0, 0, 1;
    %delay 10000, 0;
    %pushi/vec4 1, 0, 1;
    %store/vec4 v0x55ccdda54fc0_0, 0, 1;
    %delay 10000, 0;
    %pushi/vec4 0, 0, 1;
    %store/vec4 v0x55ccdda54fc0_0, 0, 1;
    %delay 10000, 0;
    %pushi/vec4 1, 0, 1;
    %store/vec4 v0x55ccdda54fc0_0, 0, 1;
    %delay 10000, 0;
    %pushi/vec4 1, 0, 1;
    %store/vec4 v0x55ccdda54fc0_0, 0, 1;
    %delay 10000, 0;
    %pushi/vec4 0, 0, 1;
    %store/vec4 v0x55ccdda54fc0_0, 0, 1;
    %vpi_call 2 38 "$finish" {0 0 0};
    %end;
    .thread T_5;
# The file index is used to find the file name in the following table.
:file_names 4;
    "N/A";
    "<interactive>";
    "moore_pattern_detector_tb.v";
    "././moore_pattern_detector.v";
